d:\рабочий стол\sbomberproject\sbomberproject\x64\release\vc143.pdb
d:\рабочий стол\sbomberproject\sbomberproject\x64\release\tank.obj
d:\рабочий стол\sbomberproject\sbomberproject\x64\release\sbomberproject.obj
d:\рабочий стол\sbomberproject\sbomberproject\x64\release\sbomber.obj
d:\рабочий стол\sbomberproject\sbomberproject\x64\release\plane.obj
d:\рабочий стол\sbomberproject\sbomberproject\x64\release\mytools.obj
d:\рабочий стол\sbomberproject\sbomberproject\x64\release\levelgui.obj
d:\рабочий стол\sbomberproject\sbomberproject\x64\release\house.obj
d:\рабочий стол\sbomberproject\sbomberproject\x64\release\ground.obj
d:\рабочий стол\sbomberproject\sbomberproject\x64\release\bomb.obj
d:\рабочий стол\sbomberproject\x64\release\sbomberproject.exe
d:\рабочий стол\sbomberproject\sbomberproject\x64\release\sbomberproject.ipdb
d:\рабочий стол\sbomberproject\x64\release\sbomberproject.pdb
d:\рабочий стол\sbomberproject\sbomberproject\x64\release\sbomberproject.iobj
d:\рабочий стол\sbomberproject\sbomberproject\x64\release\sbomberproject.tlog\cl.command.1.tlog
d:\рабочий стол\sbomberproject\sbomberproject\x64\release\sbomberproject.tlog\cl.read.1.tlog
d:\рабочий стол\sbomberproject\sbomberproject\x64\release\sbomberproject.tlog\cl.write.1.tlog
d:\рабочий стол\sbomberproject\sbomberproject\x64\release\sbomberproject.tlog\link.command.1.tlog
d:\рабочий стол\sbomberproject\sbomberproject\x64\release\sbomberproject.tlog\link.read.1.tlog
d:\рабочий стол\sbomberproject\sbomberproject\x64\release\sbomberproject.tlog\link.write.1.tlog
