d:\рабочий стол\sbomberproject\sbomberproject\x64\debug\vc143.pdb
d:\рабочий стол\sbomberproject\sbomberproject\x64\debug\vc143.idb
d:\рабочий стол\sbomberproject\sbomberproject\x64\debug\tank.obj
d:\рабочий стол\sbomberproject\sbomberproject\x64\debug\sbomberproject.obj
d:\рабочий стол\sbomberproject\sbomberproject\x64\debug\sbomber.obj
d:\рабочий стол\sbomberproject\sbomberproject\x64\debug\plane.obj
d:\рабочий стол\sbomberproject\sbomberproject\x64\debug\mytools.obj
d:\рабочий стол\sbomberproject\sbomberproject\x64\debug\levelgui.obj
d:\рабочий стол\sbomberproject\sbomberproject\x64\debug\house.obj
d:\рабочий стол\sbomberproject\sbomberproject\x64\debug\ground.obj
d:\рабочий стол\sbomberproject\sbomberproject\x64\debug\bomb.obj
d:\рабочий стол\sbomberproject\x64\debug\sbomberproject.pdb
d:\рабочий стол\sbomberproject\sbomberproject\x64\debug\sbomberproject.tlog\cl.command.1.tlog
d:\рабочий стол\sbomberproject\sbomberproject\x64\debug\sbomberproject.tlog\cl.read.1.tlog
d:\рабочий стол\sbomberproject\sbomberproject\x64\debug\sbomberproject.tlog\cl.write.1.tlog
d:\рабочий стол\sbomberproject\sbomberproject\x64\debug\sbomberproject.tlog\link-cvtres.read.1.tlog
d:\рабочий стол\sbomberproject\sbomberproject\x64\debug\sbomberproject.tlog\link-cvtres.write.1.tlog
d:\рабочий стол\sbomberproject\sbomberproject\x64\debug\sbomberproject.tlog\link-rc.read.1.tlog
d:\рабочий стол\sbomberproject\sbomberproject\x64\debug\sbomberproject.tlog\link-rc.write.1.tlog
d:\рабочий стол\sbomberproject\sbomberproject\x64\debug\sbomberproject.tlog\link.command.1.tlog
d:\рабочий стол\sbomberproject\sbomberproject\x64\debug\sbomberproject.tlog\link.read.1.tlog
d:\рабочий стол\sbomberproject\sbomberproject\x64\debug\sbomberproject.tlog\link.read.2.tlog
d:\рабочий стол\sbomberproject\sbomberproject\x64\debug\sbomberproject.tlog\link.write.1.tlog
